TN:
SF:script/DeployFundMe.s.sol
FN:9,DeployFundMe.run
FNDA:8,DeployFundMe.run
DA:10,8
DA:11,8
DA:13,8
DA:14,8
DA:15,8
DA:16,8
FNF:1
FNH:1
LF:6
LH:6
BRF:0
BRH:0
end_of_record
TN:
SF:script/DeployStorageFun.s.sol
FN:8,DeployFunWithStorage.run
FNDA:0,DeployFunWithStorage.run
DA:9,0
DA:10,0
DA:11,0
DA:12,0
DA:13,0
DA:14,0
FN:17,DeployFunWithStorage.printStorageData
FNDA:0,DeployFunWithStorage.printStorageData
DA:18,0
DA:19,0
DA:20,0
DA:21,0
FN:25,DeployFunWithStorage.printFirstArrayElement
FNDA:0,DeployFunWithStorage.printFirstArrayElement
DA:26,0
DA:27,0
DA:30,0
DA:31,0
DA:32,0
FNF:3
FNH:0
LF:15
LH:0
BRF:0
BRH:0
end_of_record
TN:
SF:script/HelperConfig.s.sol
FN:29,HelperConfig.getSepoliaEthConfig
FNDA:0,HelperConfig.getSepoliaEthConfig
DA:34,0
DA:37,0
FN:40,HelperConfig.getMainnetEthConfig
FNDA:0,HelperConfig.getMainnetEthConfig
DA:45,0
DA:48,0
FN:51,HelperConfig.getOrCreateAnvilEthConfig
FNDA:0,HelperConfig.getOrCreateAnvilEthConfig
DA:56,0
BRDA:56,0,0,-
BRDA:56,0,1,-
DA:57,0
DA:59,0
DA:60,0
DA:64,0
DA:65,0
DA:67,0
DA:70,0
FNF:3
FNH:0
LF:12
LH:0
BRF:2
BRH:0
end_of_record
TN:
SF:script/Interactions.s.sol
FN:11,FundFundMe.fundFundMe
FNDA:1,FundFundMe.fundFundMe
DA:12,1
DA:13,1
DA:14,1
DA:15,1
FN:18,FundFundMe.run
FNDA:0,FundFundMe.run
DA:19,0
DA:23,0
FN:28,WithdrawFundMe.withdrawFundMe
FNDA:1,WithdrawFundMe.withdrawFundMe
DA:29,1
DA:30,1
DA:31,1
DA:32,1
FN:35,WithdrawFundMe.run
FNDA:0,WithdrawFundMe.run
DA:36,0
DA:40,0
FNF:4
FNH:2
LF:12
LH:8
BRF:0
BRH:0
end_of_record
TN:
SF:src/FundMe.sol
FN:48,FundMe.fund
FNDA:17,FundMe.fund
DA:49,17
BRDA:49,0,0,1
BRDA:49,0,1,16
DA:54,16
DA:55,16
FN:58,FundMe.withdraw
FNDA:4,FundMe.withdraw
DA:60,3
DA:61,16
DA:62,13
DA:64,13
DA:65,13
DA:67,3
DA:70,3
DA:71,3
BRDA:71,1,0,-
BRDA:71,1,1,3
FN:74,FundMe.cheaperWithdraw
FNDA:0,FundMe.cheaperWithdraw
DA:75,0
DA:78,0
DA:79,0
DA:80,0
DA:82,0
DA:83,0
DA:85,0
DA:87,0
DA:88,0
BRDA:88,2,0,-
BRDA:88,2,1,-
FN:98,FundMe.getAddressToAmountFunded
FNDA:1,FundMe.getAddressToAmountFunded
DA:101,1
FN:104,FundMe.getVersion
FNDA:0,FundMe.getVersion
DA:105,0
FN:108,FundMe.getFunder
FNDA:1,FundMe.getFunder
DA:109,1
FN:112,FundMe.getOwner
FNDA:7,FundMe.getOwner
DA:113,7
FN:116,FundMe.getPriceFeed
FNDA:1,FundMe.getPriceFeed
DA:117,1
FNF:8
FNH:6
LF:25
LH:15
BRF:6
BRH:3
end_of_record
TN:
SF:src/PriceConverter.sol
FN:7,PriceConverter.getPrice
FNDA:0,PriceConverter.getPrice
DA:10,0
DA:12,0
FN:18,PriceConverter.getConversionRate
FNDA:0,PriceConverter.getConversionRate
DA:22,0
DA:23,0
DA:25,0
FNF:2
FNH:0
LF:5
LH:0
BRF:0
BRH:0
end_of_record
TN:
SF:src/exampleContracts/FunWithStorage.sol
FN:26,FunWithStorage.doStuff
FNDA:0,FunWithStorage.doStuff
DA:27,0
DA:28,0
FNF:1
FNH:0
LF:2
LH:0
BRF:0
BRH:0
end_of_record
TN:
SF:test/mock/MockV3Aggregator.sol
FN:21,MockV3Aggregator.updateAnswer
FNDA:0,MockV3Aggregator.updateAnswer
DA:22,0
DA:23,0
DA:24,0
DA:25,0
DA:26,0
DA:27,0
FN:30,MockV3Aggregator.updateRoundData
FNDA:0,MockV3Aggregator.updateRoundData
DA:36,0
DA:37,0
DA:38,0
DA:39,0
DA:40,0
DA:41,0
FN:44,MockV3Aggregator.getRoundData
FNDA:0,MockV3Aggregator.getRoundData
DA:57,0
FN:66,MockV3Aggregator.latestRoundData
FNDA:17,MockV3Aggregator.latestRoundData
DA:77,17
FN:86,MockV3Aggregator.description
FNDA:0,MockV3Aggregator.description
DA:87,0
FNF:5
FNH:1
LF:15
LH:1
BRF:0
BRH:0
end_of_record
